Traceback (most recent call last):
  File "/Library/Frameworks/Python.framework/Versions/3.7/lib/python3.7/site-packages/jupyter_cache/executors/utils.py", line 56, in single_nb_execution
    record_timing=False,
  File "/Library/Frameworks/Python.framework/Versions/3.7/lib/python3.7/site-packages/nbclient/client.py", line 1112, in execute
    return NotebookClient(nb=nb, resources=resources, km=km, **kwargs).execute()
  File "/Library/Frameworks/Python.framework/Versions/3.7/lib/python3.7/site-packages/nbclient/util.py", line 74, in wrapped
    return just_run(coro(*args, **kwargs))
  File "/Library/Frameworks/Python.framework/Versions/3.7/lib/python3.7/site-packages/nbclient/util.py", line 53, in just_run
    return loop.run_until_complete(coro)
  File "/Library/Frameworks/Python.framework/Versions/3.7/lib/python3.7/asyncio/base_events.py", line 587, in run_until_complete
    return future.result()
  File "/Library/Frameworks/Python.framework/Versions/3.7/lib/python3.7/site-packages/nbclient/client.py", line 554, in async_execute
    cell, index, execution_count=self.code_cells_executed + 1
  File "/Library/Frameworks/Python.framework/Versions/3.7/lib/python3.7/site-packages/nbclient/client.py", line 857, in async_execute_cell
    self._check_raise_for_error(cell, exec_reply)
  File "/Library/Frameworks/Python.framework/Versions/3.7/lib/python3.7/site-packages/nbclient/client.py", line 760, in _check_raise_for_error
    raise CellExecutionError.from_cell_and_msg(cell, exec_reply_content)
nbclient.exceptions.CellExecutionError: An error occurred while executing the following cell:
------------------
query = """
SELECT ?author ?authorLabel ?image ?genderLabel ?nationalityLabel ?birth_date ?birth_placeLabel ?educationLabel

WHERE {
?author wdt:P1411 wd:Q37922 .
?author wdt:P31 wd:Q5 .
OPTIONAL { ?author wdt:P21 ?gender . } . 
OPTIONAL { ?author wdt:P27 ?nationality . } . 
OPTIONAL { ?author wdt:P569 ?birth_date .} . 
OPTIONAL { ?author wdt:P19 ?birth_place .} . 
OPTIONAL { ?author wdt:P69 ?education . } . 
OPTIONAL { ?author wdt:P18 ?image . } .
                                                                                                            
 SERVICE wikibase:label { bd:serviceParam wikibase:language "[AUTO_LANGUAGE],en".}
}
"""


sparql = SPARQLWrapper(endpoint)
sparql.setQuery(query)
sparql.setReturnFormat(JSON)
data = sparql.query().convert()

------------------

[0;31m---------------------------------------------------------------------------[0m
[0;31mSSLCertVerificationError[0m                  Traceback (most recent call last)
[0;32m/Library/Frameworks/Python.framework/Versions/3.7/lib/python3.7/urllib/request.py[0m in [0;36mdo_open[0;34m(self, http_class, req, **http_conn_args)[0m
[1;32m   1349[0m                 h.request(req.get_method(), req.selector, req.data, headers,
[0;32m-> 1350[0;31m                           encode_chunked=req.has_header('Transfer-encoding'))
[0m[1;32m   1351[0m             [0;32mexcept[0m [0mOSError[0m [0;32mas[0m [0merr[0m[0;34m:[0m [0;31m# timeout error[0m[0;34m[0m[0;34m[0m[0m

[0;32m/Library/Frameworks/Python.framework/Versions/3.7/lib/python3.7/http/client.py[0m in [0;36mrequest[0;34m(self, method, url, body, headers, encode_chunked)[0m
[1;32m   1276[0m         [0;34m"""Send a complete request to the server."""[0m[0;34m[0m[0;34m[0m[0m
[0;32m-> 1277[0;31m         [0mself[0m[0;34m.[0m[0m_send_request[0m[0;34m([0m[0mmethod[0m[0;34m,[0m [0murl[0m[0;34m,[0m [0mbody[0m[0;34m,[0m [0mheaders[0m[0;34m,[0m [0mencode_chunked[0m[0;34m)[0m[0;34m[0m[0;34m[0m[0m
[0m[1;32m   1278[0m [0;34m[0m[0m

[0;32m/Library/Frameworks/Python.framework/Versions/3.7/lib/python3.7/http/client.py[0m in [0;36m_send_request[0;34m(self, method, url, body, headers, encode_chunked)[0m
[1;32m   1322[0m             [0mbody[0m [0;34m=[0m [0m_encode[0m[0;34m([0m[0mbody[0m[0;34m,[0m [0;34m'body'[0m[0;34m)[0m[0;34m[0m[0;34m[0m[0m
[0;32m-> 1323[0;31m         [0mself[0m[0;34m.[0m[0mendheaders[0m[0;34m([0m[0mbody[0m[0;34m,[0m [0mencode_chunked[0m[0;34m=[0m[0mencode_chunked[0m[0;34m)[0m[0;34m[0m[0;34m[0m[0m
[0m[1;32m   1324[0m [0;34m[0m[0m

[0;32m/Library/Frameworks/Python.framework/Versions/3.7/lib/python3.7/http/client.py[0m in [0;36mendheaders[0;34m(self, message_body, encode_chunked)[0m
[1;32m   1271[0m             [0;32mraise[0m [0mCannotSendHeader[0m[0;34m([0m[0;34m)[0m[0;34m[0m[0;34m[0m[0m
[0;32m-> 1272[0;31m         [0mself[0m[0;34m.[0m[0m_send_output[0m[0;34m([0m[0mmessage_body[0m[0;34m,[0m [0mencode_chunked[0m[0;34m=[0m[0mencode_chunked[0m[0;34m)[0m[0;34m[0m[0;34m[0m[0m
[0m[1;32m   1273[0m [0;34m[0m[0m

[0;32m/Library/Frameworks/Python.framework/Versions/3.7/lib/python3.7/http/client.py[0m in [0;36m_send_output[0;34m(self, message_body, encode_chunked)[0m
[1;32m   1031[0m         [0;32mdel[0m [0mself[0m[0;34m.[0m[0m_buffer[0m[0;34m[[0m[0;34m:[0m[0;34m][0m[0;34m[0m[0;34m[0m[0m
[0;32m-> 1032[0;31m         [0mself[0m[0;34m.[0m[0msend[0m[0;34m([0m[0mmsg[0m[0;34m)[0m[0;34m[0m[0;34m[0m[0m
[0m[1;32m   1033[0m [0;34m[0m[0m

[0;32m/Library/Frameworks/Python.framework/Versions/3.7/lib/python3.7/http/client.py[0m in [0;36msend[0;34m(self, data)[0m
[1;32m    971[0m             [0;32mif[0m [0mself[0m[0;34m.[0m[0mauto_open[0m[0;34m:[0m[0;34m[0m[0;34m[0m[0m
[0;32m--> 972[0;31m                 [0mself[0m[0;34m.[0m[0mconnect[0m[0;34m([0m[0;34m)[0m[0;34m[0m[0;34m[0m[0m
[0m[1;32m    973[0m             [0;32melse[0m[0;34m:[0m[0;34m[0m[0;34m[0m[0m

[0;32m/Library/Frameworks/Python.framework/Versions/3.7/lib/python3.7/http/client.py[0m in [0;36mconnect[0;34m(self)[0m
[1;32m   1446[0m             self.sock = self._context.wrap_socket(self.sock,
[0;32m-> 1447[0;31m                                                   server_hostname=server_hostname)
[0m[1;32m   1448[0m [0;34m[0m[0m

[0;32m/Library/Frameworks/Python.framework/Versions/3.7/lib/python3.7/ssl.py[0m in [0;36mwrap_socket[0;34m(self, sock, server_side, do_handshake_on_connect, suppress_ragged_eofs, server_hostname, session)[0m
[1;32m    422[0m             [0mcontext[0m[0;34m=[0m[0mself[0m[0;34m,[0m[0;34m[0m[0;34m[0m[0m
[0;32m--> 423[0;31m             [0msession[0m[0;34m=[0m[0msession[0m[0;34m[0m[0;34m[0m[0m
[0m[1;32m    424[0m         )

[0;32m/Library/Frameworks/Python.framework/Versions/3.7/lib/python3.7/ssl.py[0m in [0;36m_create[0;34m(cls, sock, server_side, do_handshake_on_connect, suppress_ragged_eofs, server_hostname, context, session)[0m
[1;32m    869[0m                         [0;32mraise[0m [0mValueError[0m[0;34m([0m[0;34m"do_handshake_on_connect should not be specified for non-blocking sockets"[0m[0;34m)[0m[0;34m[0m[0;34m[0m[0m
[0;32m--> 870[0;31m                     [0mself[0m[0;34m.[0m[0mdo_handshake[0m[0;34m([0m[0;34m)[0m[0;34m[0m[0;34m[0m[0m
[0m[1;32m    871[0m             [0;32mexcept[0m [0;34m([0m[0mOSError[0m[0;34m,[0m [0mValueError[0m[0;34m)[0m[0;34m:[0m[0;34m[0m[0;34m[0m[0m

[0;32m/Library/Frameworks/Python.framework/Versions/3.7/lib/python3.7/ssl.py[0m in [0;36mdo_handshake[0;34m(self, block)[0m
[1;32m   1138[0m                 [0mself[0m[0;34m.[0m[0msettimeout[0m[0;34m([0m[0;32mNone[0m[0;34m)[0m[0;34m[0m[0;34m[0m[0m
[0;32m-> 1139[0;31m             [0mself[0m[0;34m.[0m[0m_sslobj[0m[0;34m.[0m[0mdo_handshake[0m[0;34m([0m[0;34m)[0m[0;34m[0m[0;34m[0m[0m
[0m[1;32m   1140[0m         [0;32mfinally[0m[0;34m:[0m[0;34m[0m[0;34m[0m[0m

[0;31mSSLCertVerificationError[0m: [SSL: CERTIFICATE_VERIFY_FAILED] certificate verify failed: unable to get local issuer certificate (_ssl.c:1091)

During handling of the above exception, another exception occurred:

[0;31mURLError[0m                                  Traceback (most recent call last)
[0;32m/var/folders/nf/35gdwksd0fx8kzbsljz4dz6hnrcnxq/T/ipykernel_89677/2521994260.py[0m in [0;36m<module>[0;34m[0m
[1;32m     20[0m [0msparql[0m[0;34m.[0m[0msetQuery[0m[0;34m([0m[0mquery[0m[0;34m)[0m[0;34m[0m[0;34m[0m[0m
[1;32m     21[0m [0msparql[0m[0;34m.[0m[0msetReturnFormat[0m[0;34m([0m[0mJSON[0m[0;34m)[0m[0;34m[0m[0;34m[0m[0m
[0;32m---> 22[0;31m [0mdata[0m [0;34m=[0m [0msparql[0m[0;34m.[0m[0mquery[0m[0;34m([0m[0;34m)[0m[0;34m.[0m[0mconvert[0m[0;34m([0m[0;34m)[0m[0;34m[0m[0;34m[0m[0m
[0m
[0;32m/Library/Frameworks/Python.framework/Versions/3.7/lib/python3.7/site-packages/SPARQLWrapper/Wrapper.py[0m in [0;36mquery[0;34m(self)[0m
[1;32m    958[0m         [0;34m:[0m[0mrtype[0m[0;34m:[0m [0;34m:[0m[0;32mclass[0m[0;34m:[0m[0;31m`[0m[0mQueryResult[0m[0;31m`[0m [0minstance[0m[0;34m[0m[0;34m[0m[0m
[1;32m    959[0m         """
[0;32m--> 960[0;31m         [0;32mreturn[0m [0mQueryResult[0m[0;34m([0m[0mself[0m[0;34m.[0m[0m_query[0m[0;34m([0m[0;34m)[0m[0;34m)[0m[0;34m[0m[0;34m[0m[0m
[0m[1;32m    961[0m [0;34m[0m[0m
[1;32m    962[0m     [0;32mdef[0m [0mqueryAndConvert[0m[0;34m([0m[0mself[0m[0;34m)[0m [0;34m->[0m [0;34m"QueryResult.ConvertResult"[0m[0;34m:[0m[0;34m[0m[0;34m[0m[0m

[0;32m/Library/Frameworks/Python.framework/Versions/3.7/lib/python3.7/site-packages/SPARQLWrapper/Wrapper.py[0m in [0;36m_query[0;34m(self)[0m
[1;32m    924[0m                 [0mresponse[0m [0;34m=[0m [0murlopener[0m[0;34m([0m[0mrequest[0m[0;34m,[0m [0mtimeout[0m[0;34m=[0m[0mself[0m[0;34m.[0m[0mtimeout[0m[0;34m)[0m[0;34m[0m[0;34m[0m[0m
[1;32m    925[0m             [0;32melse[0m[0;34m:[0m[0;34m[0m[0;34m[0m[0m
[0;32m--> 926[0;31m                 [0mresponse[0m [0;34m=[0m [0murlopener[0m[0;34m([0m[0mrequest[0m[0;34m)[0m[0;34m[0m[0;34m[0m[0m
[0m[1;32m    927[0m             [0;32mreturn[0m [0mresponse[0m[0;34m,[0m [0mself[0m[0;34m.[0m[0mreturnFormat[0m[0;34m[0m[0;34m[0m[0m
[1;32m    928[0m         [0;32mexcept[0m [0murllib[0m[0;34m.[0m[0merror[0m[0;34m.[0m[0mHTTPError[0m [0;32mas[0m [0me[0m[0;34m:[0m[0;34m[0m[0;34m[0m[0m

[0;32m/Library/Frameworks/Python.framework/Versions/3.7/lib/python3.7/urllib/request.py[0m in [0;36murlopen[0;34m(url, data, timeout, cafile, capath, cadefault, context)[0m
[1;32m    220[0m     [0;32melse[0m[0;34m:[0m[0;34m[0m[0;34m[0m[0m
[1;32m    221[0m         [0mopener[0m [0;34m=[0m [0m_opener[0m[0;34m[0m[0;34m[0m[0m
[0;32m--> 222[0;31m     [0;32mreturn[0m [0mopener[0m[0;34m.[0m[0mopen[0m[0;34m([0m[0murl[0m[0;34m,[0m [0mdata[0m[0;34m,[0m [0mtimeout[0m[0;34m)[0m[0;34m[0m[0;34m[0m[0m
[0m[1;32m    223[0m [0;34m[0m[0m
[1;32m    224[0m [0;32mdef[0m [0minstall_opener[0m[0;34m([0m[0mopener[0m[0;34m)[0m[0;34m:[0m[0;34m[0m[0;34m[0m[0m

[0;32m/Library/Frameworks/Python.framework/Versions/3.7/lib/python3.7/urllib/request.py[0m in [0;36mopen[0;34m(self, fullurl, data, timeout)[0m
[1;32m    523[0m             [0mreq[0m [0;34m=[0m [0mmeth[0m[0;34m([0m[0mreq[0m[0;34m)[0m[0;34m[0m[0;34m[0m[0m
[1;32m    524[0m [0;34m[0m[0m
[0;32m--> 525[0;31m         [0mresponse[0m [0;34m=[0m [0mself[0m[0;34m.[0m[0m_open[0m[0;34m([0m[0mreq[0m[0;34m,[0m [0mdata[0m[0;34m)[0m[0;34m[0m[0;34m[0m[0m
[0m[1;32m    526[0m [0;34m[0m[0m
[1;32m    527[0m         [0;31m# post-process response[0m[0;34m[0m[0;34m[0m[0;34m[0m[0m

[0;32m/Library/Frameworks/Python.framework/Versions/3.7/lib/python3.7/urllib/request.py[0m in [0;36m_open[0;34m(self, req, data)[0m
[1;32m    541[0m         [0mprotocol[0m [0;34m=[0m [0mreq[0m[0;34m.[0m[0mtype[0m[0;34m[0m[0;34m[0m[0m
[1;32m    542[0m         result = self._call_chain(self.handle_open, protocol, protocol +
[0;32m--> 543[0;31m                                   '_open', req)
[0m[1;32m    544[0m         [0;32mif[0m [0mresult[0m[0;34m:[0m[0;34m[0m[0;34m[0m[0m
[1;32m    545[0m             [0;32mreturn[0m [0mresult[0m[0;34m[0m[0;34m[0m[0m

[0;32m/Library/Frameworks/Python.framework/Versions/3.7/lib/python3.7/urllib/request.py[0m in [0;36m_call_chain[0;34m(self, chain, kind, meth_name, *args)[0m
[1;32m    501[0m         [0;32mfor[0m [0mhandler[0m [0;32min[0m [0mhandlers[0m[0;34m:[0m[0;34m[0m[0;34m[0m[0m
[1;32m    502[0m             [0mfunc[0m [0;34m=[0m [0mgetattr[0m[0;34m([0m[0mhandler[0m[0;34m,[0m [0mmeth_name[0m[0;34m)[0m[0;34m[0m[0;34m[0m[0m
[0;32m--> 503[0;31m             [0mresult[0m [0;34m=[0m [0mfunc[0m[0;34m([0m[0;34m*[0m[0margs[0m[0;34m)[0m[0;34m[0m[0;34m[0m[0m
[0m[1;32m    504[0m             [0;32mif[0m [0mresult[0m [0;32mis[0m [0;32mnot[0m [0;32mNone[0m[0;34m:[0m[0;34m[0m[0;34m[0m[0m
[1;32m    505[0m                 [0;32mreturn[0m [0mresult[0m[0;34m[0m[0;34m[0m[0m

[0;32m/Library/Frameworks/Python.framework/Versions/3.7/lib/python3.7/urllib/request.py[0m in [0;36mhttps_open[0;34m(self, req)[0m
[1;32m   1391[0m         [0;32mdef[0m [0mhttps_open[0m[0;34m([0m[0mself[0m[0;34m,[0m [0mreq[0m[0;34m)[0m[0;34m:[0m[0;34m[0m[0;34m[0m[0m
[1;32m   1392[0m             return self.do_open(http.client.HTTPSConnection, req,
[0;32m-> 1393[0;31m                 context=self._context, check_hostname=self._check_hostname)
[0m[1;32m   1394[0m [0;34m[0m[0m
[1;32m   1395[0m         [0mhttps_request[0m [0;34m=[0m [0mAbstractHTTPHandler[0m[0;34m.[0m[0mdo_request_[0m[0;34m[0m[0;34m[0m[0m

[0;32m/Library/Frameworks/Python.framework/Versions/3.7/lib/python3.7/urllib/request.py[0m in [0;36mdo_open[0;34m(self, http_class, req, **http_conn_args)[0m
[1;32m   1350[0m                           encode_chunked=req.has_header('Transfer-encoding'))
[1;32m   1351[0m             [0;32mexcept[0m [0mOSError[0m [0;32mas[0m [0merr[0m[0;34m:[0m [0;31m# timeout error[0m[0;34m[0m[0;34m[0m[0m
[0;32m-> 1352[0;31m                 [0;32mraise[0m [0mURLError[0m[0;34m([0m[0merr[0m[0;34m)[0m[0;34m[0m[0;34m[0m[0m
[0m[1;32m   1353[0m             [0mr[0m [0;34m=[0m [0mh[0m[0;34m.[0m[0mgetresponse[0m[0;34m([0m[0;34m)[0m[0;34m[0m[0;34m[0m[0m
[1;32m   1354[0m         [0;32mexcept[0m[0;34m:[0m[0;34m[0m[0;34m[0m[0m

[0;31mURLError[0m: <urlopen error [SSL: CERTIFICATE_VERIFY_FAILED] certificate verify failed: unable to get local issuer certificate (_ssl.c:1091)>
URLError: <urlopen error [SSL: CERTIFICATE_VERIFY_FAILED] certificate verify failed: unable to get local issuer certificate (_ssl.c:1091)>

